2024-08-05 17:31:50,617 - [433-deb11-p14-top1-ssl-5_irods-catalog-provider_1]: test failed [[  85.7397]s] [test_icommands_file_operations.Test_ICommands_File_Operations_3]
2024-08-05 17:31:50,618 - [433-deb11-p14-top1-ssl-5_irods-catalog-provider_1]: tests that failed [[('test_icommands_file_operations.Test_ICommands_File_Operations_3', 85.73965167999268)]]
2024-08-05 17:31:50,618 - [433-deb11-p14-top1-ssl-5_irods-catalog-provider_1]: some tests failed
2024-08-05 17:45:50,011 - [433-deb11-p14-top1-ssl-5_irods-catalog-provider_2]: test failed [[ 925.1305]s] [test_resource_types.Test_Resource_Unixfilesystem]
2024-08-05 17:45:50,011 - [433-deb11-p14-top1-ssl-5_irods-catalog-provider_2]: tests that failed [[('test_resource_types.Test_Resource_Unixfilesystem', 925.1305236816406)]]
2024-08-05 17:45:50,011 - [433-deb11-p14-top1-ssl-5_irods-catalog-provider_2]: some tests failed
2024-08-05 17:45:50,012 - ==== begin test run results ====
-----
results for [433-deb11-p14-top1-ssl-5_irods-catalog-provider_1]
	passed tests:
	skipped tests:
	failed tests:
		[[  85.7397]s]	[test_icommands_file_operations.Test_ICommands_File_Operations_3]
	return code:[1]
	time elapsed: [    85.74]seconds ([   0]hours [    1.429]minutes)
-----
-----
results for [433-deb11-p14-top1-ssl-5_irods-catalog-provider_2]
	passed tests:
	skipped tests:
	failed tests:
		[[ 925.1305]s]	[test_resource_types.Test_Resource_Unixfilesystem]
	return code:[1]
	time elapsed: [    925.1]seconds ([   0]hours [    15.42]minutes)
-----
List of failed tests:
	test_icommands_file_operations.Test_ICommands_File_Operations_3 test_resource_types.Test_Resource_Unixfilesystem
Return code:[1]
time elapsed: [ 925.1344]seconds ([   0]hours [15.4189]minutes)
==== end of test run results ====

2024-08-05 17:45:50,135 - version:[4.3.3]
2024-08-05 17:45:50,135 - sha:[ecaf66d06478bbe2a3e7be47d98f04ed97b94e9a]
2024-08-05 17:45:50,135 - collecting logs [/home/kitsinger/devstuff/renci/irods_testing_environment_out/433-deb11-p14-top1-ssl-5_468a442a-40ba-412b-96a1-0f6d28d26516]
